<?xml version="1.0" encoding="UTF-8"?>
<!-- Generated by org.testng.reporters.JUnitXMLReporter -->
<testsuite ignored="2" hostname="DESKTOP-7R54CV9" failures="0" tests="1" name="Default test" time="10.346" errors="0" timestamp="2023-04-14T19:10:06 IST">
  <testcase classname="com.testingshastra.carwale.CarWaleDemo" name="verifyThatCertifiedUsedCarsWithColors" time="10.297"/>
  <testcase classname="com.testingshastra.carwale.CarWaleDemo" name="verifyFuelTypeOfMarutiSuzukiUsedCar" time="0.0">
    <ignored/>
  </testcase> <!-- verifyFuelTypeOfMarutiSuzukiUsedCar -->
  <testcase classname="com.testingshastra.carwale.CarWaleDemo" name="verifythatCarNameMatchedfromUsedcarsLocation" time="0.0">
    <ignored/>
  </testcase> <!-- verifythatCarNameMatchedfromUsedcarsLocation -->
</testsuite> <!-- Default test -->
